c:\users\fadza\source\repos\universitystudentmanagementsystem\universi.03e85a90\x64\debug\vc143.pdb
c:\users\fadza\source\repos\universitystudentmanagementsystem\universi.03e85a90\x64\debug\.netframework,version=v4.7.2.assemblyattributes.obj
c:\users\fadza\source\repos\universitystudentmanagementsystem\universi.03e85a90\x64\debug\student.obj
c:\users\fadza\source\repos\universitystudentmanagementsystem\universi.03e85a90\x64\debug\login.obj
c:\users\fadza\source\repos\universitystudentmanagementsystem\universi.03e85a90\x64\debug\faculty.obj
c:\users\fadza\source\repos\universitystudentmanagementsystem\universi.03e85a90\x64\debug\admin.obj
c:\users\fadza\source\repos\universitystudentmanagementsystem\x64\debug\universitystudentmanagementsystem.exe
c:\users\fadza\source\repos\universitystudentmanagementsystem\universi.03e85a90\x64\debug\universitystudentmanagementsystem.vcxproj.assemblyreference.cache
c:\users\fadza\source\repos\universitystudentmanagementsystem\universi.03e85a90\x64\debug\universitystudentmanagementsystem.vcxproj.generateresource.cache
c:\users\fadza\source\repos\universitystudentmanagementsystem\universi.03e85a90\x64\debug\universitystudentmanagementsystem.admin.resources
c:\users\fadza\source\repos\universitystudentmanagementsystem\universi.03e85a90\x64\debug\universitystudentmanagementsystem.faculty.resources
c:\users\fadza\source\repos\universitystudentmanagementsystem\universi.03e85a90\x64\debug\universitystudentmanagementsystem.login.resources
c:\users\fadza\source\repos\universitystudentmanagementsystem\universi.03e85a90\x64\debug\universitystudentmanagementsystem.student.resources
c:\users\fadza\source\repos\universitystudentmanagementsystem\universi.03e85a90\x64\debug\universi.03e85a90.tlog\cl.command.1.tlog
c:\users\fadza\source\repos\universitystudentmanagementsystem\universi.03e85a90\x64\debug\universi.03e85a90.tlog\cl.read.1.tlog
c:\users\fadza\source\repos\universitystudentmanagementsystem\universi.03e85a90\x64\debug\universi.03e85a90.tlog\cl.write.1.tlog
c:\users\fadza\source\repos\universitystudentmanagementsystem\universi.03e85a90\x64\debug\universi.03e85a90.tlog\link.command.1.tlog
c:\users\fadza\source\repos\universitystudentmanagementsystem\universi.03e85a90\x64\debug\universi.03e85a90.tlog\link.read.1.tlog
c:\users\fadza\source\repos\universitystudentmanagementsystem\universi.03e85a90\x64\debug\universi.03e85a90.tlog\link.write.1.tlog
c:\users\fadza\source\repos\universitystudentmanagementsystem\universi.03e85a90\x64\debug\universi.03e85a90.tlog\metagen.read.1.tlog
c:\users\fadza\source\repos\universitystudentmanagementsystem\universi.03e85a90\x64\debug\universi.03e85a90.tlog\metagen.write.1.tlog
c:\users\fadza\source\repos\universitystudentmanagementsystem\universi.03e85a90\x64\debug\universi.03e85a90.tlog\resgen.command.1.tlog
c:\users\fadza\source\repos\universitystudentmanagementsystem\universi.03e85a90\x64\debug\universi.03e85a90.tlog\resgen.read.1.tlog
c:\users\fadza\source\repos\universitystudentmanagementsystem\universi.03e85a90\x64\debug\universi.03e85a90.tlog\resgen.write.1.tlog
